<?xml version="1.0" encoding="UTF-8"?>
<!-- Generated by org.testng.reporters.JUnitXMLReporter -->
<testsuite ignored="3" hostname="Sethu_Personal" failures="1" tests="4" name="Test" time="10.947" errors="0" timestamp="2024-07-07T11:26:28 IST">
  <testcase classname="chaining.GetAllIncidentsWithMultipleQueryParam" name="getAllIncidentWithMultipleQueryParam" time="3.624">
    <failure type="java.lang.AssertionError" message="1 expectation failed.
JSON path result.sys_id doesn&amp;apos;t match.
Expected: a collection containing null
  Actual: &amp;lt;[46c88ac1a9fe1981014de1c831fbcf6d, 470d51a0a9fe1981006c20c825e48933, 4717dfe5a9fe198100450448b2404c16, 8d6246c7c0a80164012fb063cecd4ace, e329de99731423002728660c4cf6a73c, 07f3ac70475f42109555f884116d43be, 19dc5390471702109555f884116d4369, 21262022474382109555f884116d43ec, 31f5935847d302109555f884116d43a3, 3358e4a2474382109555f884116d43a9, 35b1d31447d302109555f884116d431b, 3c2a916c475f02109555f884116d4325, 4201a4bc471f42109555f884116d4321, 46e2fee9a9fe19810049b49dee0daf58, 46e8219ba9fe1981013806b6e04fed06, 46f4f4dfa9fe198100063e60278f76ec, 4a176862474382109555f884116d4364, 61e71b1c47d302109555f884116d438c, 62876862474382109555f884116d4350, 70531bd447d302109555f884116d43c0, 79d7e4a2474382109555f884116d43a0, 7b161f9847d302109555f884116d43a8, 84182ca2474382109555f884116d4319, 87196ca2474382109555f884116d43fa, 87279bd847d302109555f884116d43c0, a9e30c7dc61122760116894de7bcc7bd, bbf3ec70475f42109555f884116d4344, c104df9447d302109555f884116d4375, ce4dd7d0471702109555f884116d43ef, d7158da0c0a8016700eef46c8d1f3661, d7195138c0a8016700fd68449cfcd484, d71da88ac0a801670061eabfe4b28f77, dc046070475f42109555f884116d4343, ed92e8d173d023002728660c4cf6a7bc]&amp;gt;
">
      <![CDATA[java.lang.AssertionError: 1 expectation failed.
JSON path result.sys_id doesn't match.
Expected: a collection containing null
  Actual: <[46c88ac1a9fe1981014de1c831fbcf6d, 470d51a0a9fe1981006c20c825e48933, 4717dfe5a9fe198100450448b2404c16, 8d6246c7c0a80164012fb063cecd4ace, e329de99731423002728660c4cf6a73c, 07f3ac70475f42109555f884116d43be, 19dc5390471702109555f884116d4369, 21262022474382109555f884116d43ec, 31f5935847d302109555f884116d43a3, 3358e4a2474382109555f884116d43a9, 35b1d31447d302109555f884116d431b, 3c2a916c475f02109555f884116d4325, 4201a4bc471f42109555f884116d4321, 46e2fee9a9fe19810049b49dee0daf58, 46e8219ba9fe1981013806b6e04fed06, 46f4f4dfa9fe198100063e60278f76ec, 4a176862474382109555f884116d4364, 61e71b1c47d302109555f884116d438c, 62876862474382109555f884116d4350, 70531bd447d302109555f884116d43c0, 79d7e4a2474382109555f884116d43a0, 7b161f9847d302109555f884116d43a8, 84182ca2474382109555f884116d4319, 87196ca2474382109555f884116d43fa, 87279bd847d302109555f884116d43c0, a9e30c7dc61122760116894de7bcc7bd, bbf3ec70475f42109555f884116d4344, c104df9447d302109555f884116d4375, ce4dd7d0471702109555f884116d43ef, d7158da0c0a8016700eef46c8d1f3661, d7195138c0a8016700fd68449cfcd484, d71da88ac0a801670061eabfe4b28f77, dc046070475f42109555f884116d4343, ed92e8d173d023002728660c4cf6a7bc]>

at org.codehaus.groovy.runtime.callsite.ConstructorSite$ConstructorSiteNoUnwrapNoCoerce.callConstructor(ConstructorSite.java:108)
at org.codehaus.groovy.runtime.callsite.CallSiteArray.defaultCallConstructor(CallSiteArray.java:58)
at org.codehaus.groovy.runtime.callsite.AbstractCallSite.callConstructor(AbstractCallSite.java:263)
at org.codehaus.groovy.runtime.callsite.AbstractCallSite.callConstructor(AbstractCallSite.java:277)
at io.restassured.internal.ResponseSpecificationImpl$HamcrestAssertionClosure.validate(ResponseSpecificationImpl.groovy:512)
at io.restassured.internal.ResponseSpecificationImpl$HamcrestAssertionClosure$validate$1.call(Unknown Source)
at org.codehaus.groovy.runtime.callsite.CallSiteArray.defaultCall(CallSiteArray.java:46)
at org.codehaus.groovy.runtime.callsite.AbstractCallSite.call(AbstractCallSite.java:125)
at org.codehaus.groovy.runtime.callsite.AbstractCallSite.call(AbstractCallSite.java:139)
at io.restassured.internal.ResponseSpecificationImpl.validateResponseIfRequired(ResponseSpecificationImpl.groovy:696)
at io.restassured.internal.ResponseSpecificationImpl.this$2$validateResponseIfRequired(ResponseSpecificationImpl.groovy)
at org.codehaus.groovy.runtime.callsite.PlainObjectMetaMethodSite.doInvoke(PlainObjectMetaMethodSite.java:43)
at org.codehaus.groovy.runtime.callsite.PogoMetaMethodSite$PogoCachedMethodSiteNoUnwrapNoCoerce.invoke(PogoMetaMethodSite.java:198)
at org.codehaus.groovy.runtime.callsite.PogoMetaMethodSite.callCurrent(PogoMetaMethodSite.java:62)
at org.codehaus.groovy.runtime.callsite.CallSiteArray.defaultCallCurrent(CallSiteArray.java:50)
at org.codehaus.groovy.runtime.callsite.AbstractCallSite.callCurrent(AbstractCallSite.java:171)
at org.codehaus.groovy.runtime.callsite.AbstractCallSite.callCurrent(AbstractCallSite.java:185)
at io.restassured.internal.ResponseSpecificationImpl.body(ResponseSpecificationImpl.groovy:270)
at io.restassured.specification.ResponseSpecification$body$0.callCurrent(Unknown Source)
at org.codehaus.groovy.runtime.callsite.CallSiteArray.defaultCallCurrent(CallSiteArray.java:50)
at org.codehaus.groovy.runtime.callsite.AbstractCallSite.callCurrent(AbstractCallSite.java:171)
at org.codehaus.groovy.runtime.callsite.AbstractCallSite.callCurrent(AbstractCallSite.java:212)
at io.restassured.internal.ResponseSpecificationImpl.body(ResponseSpecificationImpl.groovy:117)
at io.restassured.internal.ValidatableResponseOptionsImpl.body(ValidatableResponseOptionsImpl.java:244)
at chaining.GetAllIncidentsWithMultipleQueryParam.getAllIncidentWithMultipleQueryParam(GetAllIncidentsWithMultipleQueryParam.java:30)
at java.base/java.util.ArrayList.forEach(ArrayList.java:1511)
... Removed 37 stack frames]]>
    </failure>
  </testcase> <!-- getAllIncidentWithMultipleQueryParam -->
  <testcase classname="chaining.CreateIncidentWithReqBodyasFile" name="createIncident" time="2.227"/>
  <testcase classname="chaining.UpdateIncidentUsingPATCH" name="updateIncident" time="2.335"/>
  <testcase classname="chaining.DeleteIncident" name="deleteIncident" time="2.308"/>
  <testcase classname="chaining.BaseAPISteps" name="@BeforeTest preSteps" time="0.0">
    <ignored/>
  </testcase> <!-- @BeforeTest preSteps -->
  <testcase classname="chaining.BaseAPISteps" name="@BeforeTest preSteps" time="0.0">
    <ignored/>
  </testcase> <!-- @BeforeTest preSteps -->
  <testcase classname="chaining.BaseAPISteps" name="@BeforeTest preSteps" time="0.0">
    <ignored/>
  </testcase> <!-- @BeforeTest preSteps -->
</testsuite> <!-- Test -->
